<?xml version="1.0" encoding="UTF-8"?>
<!-- Generated by org.testng.reporters.JUnitReportReporter -->
<testsuite skipped="0" hostname="DESKTOP-6NI868R" name="com.qa.hs.tests.LoginTest" tests="2" failures="0" timestamp="15 Sep 2019 15:26:43 GMT" time="20.974" errors="0">
  <testcase name="signUpTest" time="13.810" classname="com.qa.hs.tests.LoginTest"/>
  <testcase name="loginTest" time="7.164" classname="com.qa.hs.tests.LoginTest"/>
</testsuite> <!-- com.qa.hs.tests.LoginTest -->
